Classic Timing Analyzer report for mux
Sat Oct 05 20:23:25 2019
Quartus II Version 9.0 Build 132 02/25/2009 SJ Full Version


---------------------
; Table of Contents ;
---------------------
  1. Legal Notice
  2. Timing Analyzer Summary
  3. Timing Analyzer Settings
  4. Parallel Compilation
  5. tpd
  6. Timing Analyzer Messages



----------------
; Legal Notice ;
----------------
Copyright (C) 1991-2009 Altera Corporation
Your use of Altera Corporation's design tools, logic functions 
and other software and tools, and its AMPP partner logic 
functions, and any output files from any of the foregoing 
(including device programming or simulation files), and any 
associated documentation or information are expressly subject 
to the terms and conditions of the Altera Program License 
Subscription Agreement, Altera MegaCore Function License 
Agreement, or other applicable license agreement, including, 
without limitation, that your use is for the sole purpose of 
programming logic devices manufactured by Altera and sold by 
Altera or its authorized distributors.  Please refer to the 
applicable agreement for further details.



+-----------------------------------------------------------------------------------------------------------------------------+
; Timing Analyzer Summary                                                                                                     ;
+------------------------------+-------+---------------+-------------+--------+--------+------------+----------+--------------+
; Type                         ; Slack ; Required Time ; Actual Time ; From   ; To     ; From Clock ; To Clock ; Failed Paths ;
+------------------------------+-------+---------------+-------------+--------+--------+------------+----------+--------------+
; Worst-case tpd               ; N/A   ; None          ; 10.449 ns   ; input2 ; output ; --         ; --       ; 0            ;
; Total number of failed paths ;       ;               ;             ;        ;        ;            ;          ; 0            ;
+------------------------------+-------+---------------+-------------+--------+--------+------------+----------+--------------+


+--------------------------------------------------------------------------------------------------------------------+
; Timing Analyzer Settings                                                                                           ;
+---------------------------------------------------------------------+--------------------+------+----+-------------+
; Option                                                              ; Setting            ; From ; To ; Entity Name ;
+---------------------------------------------------------------------+--------------------+------+----+-------------+
; Device Name                                                         ; EP2S30F484C3       ;      ;    ;             ;
; Timing Models                                                       ; Final              ;      ;    ;             ;
; Default hold multicycle                                             ; Same as Multicycle ;      ;    ;             ;
; Cut paths between unrelated clock domains                           ; On                 ;      ;    ;             ;
; Cut off read during write signal paths                              ; On                 ;      ;    ;             ;
; Cut off feedback from I/O pins                                      ; On                 ;      ;    ;             ;
; Report Combined Fast/Slow Timing                                    ; Off                ;      ;    ;             ;
; Ignore Clock Settings                                               ; Off                ;      ;    ;             ;
; Analyze latches as synchronous elements                             ; On                 ;      ;    ;             ;
; Enable Recovery/Removal analysis                                    ; Off                ;      ;    ;             ;
; Enable Clock Latency                                                ; Off                ;      ;    ;             ;
; Use TimeQuest Timing Analyzer                                       ; Off                ;      ;    ;             ;
; Minimum Core Junction Temperature                                   ; 0                  ;      ;    ;             ;
; Maximum Core Junction Temperature                                   ; 85                 ;      ;    ;             ;
; Number of source nodes to report per destination node               ; 10                 ;      ;    ;             ;
; Number of destination nodes to report                               ; 10                 ;      ;    ;             ;
; Number of paths to report                                           ; 200                ;      ;    ;             ;
; Report Minimum Timing Checks                                        ; Off                ;      ;    ;             ;
; Use Fast Timing Models                                              ; Off                ;      ;    ;             ;
; Report IO Paths Separately                                          ; Off                ;      ;    ;             ;
; Perform Multicorner Analysis                                        ; On                 ;      ;    ;             ;
; Reports the worst-case path for each clock domain and analysis      ; Off                ;      ;    ;             ;
; Removes common clock path pessimism (CCPP) during slack computation ; Off                ;      ;    ;             ;
; Output I/O Timing Endpoint                                          ; Near End           ;      ;    ;             ;
+---------------------------------------------------------------------+--------------------+------+----+-------------+


+------------------------------------------+
; Parallel Compilation                     ;
+----------------------------+-------------+
; Processors                 ; Number      ;
+----------------------------+-------------+
; Number detected on machine ; 4           ;
; Maximum allowed            ; 4           ;
;                            ;             ;
; Average used               ; 1.00        ;
; Maximum used               ; 1           ;
;                            ;             ;
; Usage by Processor         ; % Time Used ;
;     1 processor            ; 100.0%      ;
;     2-4 processors         ;   0.0%      ;
+----------------------------+-------------+


+---------------------------------------------------------------+
; tpd                                                           ;
+-------+-------------------+-----------------+--------+--------+
; Slack ; Required P2P Time ; Actual P2P Time ; From   ; To     ;
+-------+-------------------+-----------------+--------+--------+
; N/A   ; None              ; 10.449 ns       ; input2 ; output ;
; N/A   ; None              ; 10.003 ns       ; secim  ; output ;
; N/A   ; None              ; 9.966 ns        ; input1 ; output ;
+-------+-------------------+-----------------+--------+--------+


+--------------------------+
; Timing Analyzer Messages ;
+--------------------------+
Info: *******************************************************************
Info: Running Quartus II Classic Timing Analyzer
    Info: Version 9.0 Build 132 02/25/2009 SJ Full Version
    Info: Processing started: Sat Oct 05 20:23:25 2019
Info: Command: quartus_tan --read_settings_files=off --write_settings_files=off mux -c mux --timing_analysis_only
Info: Parallel compilation is enabled and will use 4 of the 4 processors detected
Info: Longest tpd from source pin "input2" to destination pin "output" is 10.449 ns
    Info: 1: + IC(0.000 ns) + CELL(0.840 ns) = 0.840 ns; Loc. = PIN_Y21; Fanout = 1; PIN Node = 'input2'
    Info: 2: + IC(4.385 ns) + CELL(0.154 ns) = 5.379 ns; Loc. = LCCOMB_X16_Y1_N16; Fanout = 1; COMB Node = 'output~2'
    Info: 3: + IC(3.098 ns) + CELL(1.972 ns) = 10.449 ns; Loc. = PIN_C18; Fanout = 0; PIN Node = 'output'
    Info: Total cell delay = 2.966 ns ( 28.39 % )
    Info: Total interconnect delay = 7.483 ns ( 71.61 % )
Info: Quartus II Classic Timing Analyzer was successful. 0 errors, 0 warnings
    Info: Peak virtual memory: 190 megabytes
    Info: Processing ended: Sat Oct 05 20:23:25 2019
    Info: Elapsed time: 00:00:00
    Info: Total CPU time (on all processors): 00:00:00


